<?xml version="1.0" encoding="UTF-8"?>
<!-- Generated by org.testng.reporters.JUnitXMLReporter -->
<testsuite ignored="1" hostname="DESKTOP-SD05CBJ" failures="0" tests="4" name="EnableDisableTestXml_Info" time="17.639" errors="0" timestamp="2022-07-04T20:53:10 IST">
  <testcase classname="TestNGDemo.EnableDisableTestCases" name="LaunchApp" time="9.79"/>
  <testcase classname="TestNGDemo.EnableDisableTestCases" name="EnterLoginDetails" time="6.236"/>
  <testcase classname="TestNGDemo.EnableDisableTestCases" name="NavigateToMyInfo" time="1.553"/>
  <testcase classname="TestNGDemo.EnableDisableTestCases" name="VerifyMyInfo" time="0.051"/>
  <testcase classname="TestNGDemo.EnableDisableTestCases" name="VerifyLogin" time="0.0">
    <ignored/>
  </testcase> <!-- VerifyLogin -->
</testsuite> <!-- EnableDisableTestXml_Info -->
