<?xml version="1.0" encoding="UTF-8"?>
<!-- Generated by org.testng.reporters.JUnitXMLReporter -->
<testsuite ignored="2" hostname="DESKTOP-SD05CBJ" failures="0" tests="3" name="EnableDisableTestXml_Login" time="15.691" errors="0" timestamp="2022-07-04T20:52:53 IST">
  <testcase classname="TestNGDemo.EnableDisableTestCases" name="LaunchApp" time="9.012"/>
  <testcase classname="TestNGDemo.EnableDisableTestCases" name="EnterLoginDetails" time="6.499"/>
  <testcase classname="TestNGDemo.EnableDisableTestCases" name="VerifyLogin" time="0.114"/>
  <testcase classname="TestNGDemo.EnableDisableTestCases" name="VerifyMyInfo" time="0.0">
    <ignored/>
  </testcase> <!-- VerifyMyInfo -->
  <testcase classname="TestNGDemo.EnableDisableTestCases" name="NavigateToMyInfo" time="0.0">
    <ignored/>
  </testcase> <!-- NavigateToMyInfo -->
</testsuite> <!-- EnableDisableTestXml_Login -->
