<?xml version="1.0" encoding="UTF-8"?>
<!-- Generated by org.testng.reporters.JUnitXMLReporter -->
<testsuite ignored="3" hostname="DESKTOP-SD05CBJ" failures="0" tests="1" name="Exclusive Groups" time="0.07" errors="0" timestamp="2022-07-04T21:35:49 IST">
  <testcase classname="TestNGDemo.GroupsDemo" name="test4" time="0.01"/>
  <testcase classname="TestNGDemo.GroupsDemo" name="test5" time="0.0">
    <ignored/>
  </testcase> <!-- test5 -->
  <testcase classname="TestNGDemo.GroupsDemo" name="test6" time="0.0">
    <ignored/>
  </testcase> <!-- test6 -->
  <testcase classname="TestNGDemo.GroupsDemo" name="test7" time="0.0">
    <ignored/>
  </testcase> <!-- test7 -->
</testsuite> <!-- Exclusive Groups -->
