<?xml version="1.0" encoding="UTF-8"?>
<!-- Generated by org.testng.reporters.JUnitXMLReporter -->
<testsuite ignored="2" hostname="DESKTOP-SD05CBJ" failures="0" tests="2" name="Groups" time="0.07" errors="0" timestamp="2022-07-04T21:32:04 IST">
  <testcase classname="TestNGDemo.GroupsDemo" name="test5" time="0.011"/>
  <testcase classname="TestNGDemo.GroupsDemo" name="test6" time="0.002"/>
  <testcase classname="TestNGDemo.GroupsDemo" name="test4" time="0.0">
    <ignored/>
  </testcase> <!-- test4 -->
  <testcase classname="TestNGDemo.GroupsDemo" name="test7" time="0.0">
    <ignored/>
  </testcase> <!-- test7 -->
</testsuite> <!-- Groups -->
