<?xml version="1.0" encoding="UTF-8"?>
<!-- Generated by org.testng.reporters.JUnitXMLReporter -->
<testsuite ignored="2" hostname="DESKTOP-SD05CBJ" failures="0" tests="5" name="Meta Groups" time="0.092" errors="0" timestamp="2022-07-04T21:42:25 IST">
  <testcase classname="TestNGDemo.GroupsDemo" name="test4" time="0.012"/>
  <testcase classname="TestNGDemo.GroupsDemo" name="test5" time="0.002"/>
  <testcase classname="TestNGDemo.GroupsDemo" name="test6" time="0.001"/>
  <testcase classname="TestNGDemo.GroupsDemo2" name="test1" time="0.001"/>
  <testcase classname="TestNGDemo.GroupsDemo2" name="test2" time="0.002"/>
  <testcase classname="TestNGDemo.GroupsDemo2" name="test3" time="0.0">
    <ignored/>
  </testcase> <!-- test3 -->
  <testcase classname="TestNGDemo.GroupsDemo" name="test7" time="0.0">
    <ignored/>
  </testcase> <!-- test7 -->
</testsuite> <!-- Meta Groups -->
