<?xml version="1.0" encoding="UTF-8"?>
<!-- Generated by org.testng.reporters.JUnitXMLReporter -->
<testsuite ignored="0" hostname="DESKTOP-SD05CBJ" failures="0" tests="6" name="ParallelExecutionDemo2" time="0.021" errors="0" timestamp="2022-07-07T01:17:06 IST">
  <testcase classname="TestNGDemo.ParallelExecutionDemo2" name="test4" time="0.002"/>
  <testcase classname="TestNGDemo.ParallelExecutionDemo2" name="test4" time="0.004"/>
  <testcase classname="TestNGDemo.ParallelExecutionDemo2" name="test4" time="0.005"/>
  <testcase classname="TestNGDemo.ParallelExecutionDemo2" name="test4" time="0.008"/>
  <testcase classname="TestNGDemo.ParallelExecutionDemo2" name="test5" time="0.002"/>
  <testcase classname="TestNGDemo.ParallelExecutionDemo2" name="test6" time="0.001"/>
</testsuite> <!-- ParallelExecutionDemo2 -->
