<?xml version="1.0" encoding="UTF-8"?>
<!-- Generated by org.testng.reporters.JUnitXMLReporter -->
<testsuite ignored="0" hostname="DESKTOP-SD05CBJ" failures="0" tests="6" name="ParallelExecutionDemo" time="0.091" errors="0" timestamp="2022-07-07T01:17:06 IST">
  <testcase classname="TestNGDemo.ParallelExecutionDemo" name="test1" time="0.014"/>
  <testcase classname="TestNGDemo.ParallelExecutionDemo" name="test1" time="0.014"/>
  <testcase classname="TestNGDemo.ParallelExecutionDemo" name="test1" time="0.014"/>
  <testcase classname="TestNGDemo.ParallelExecutionDemo" name="test1" time="0.014"/>
  <testcase classname="TestNGDemo.ParallelExecutionDemo" name="test2" time="0.001"/>
  <testcase classname="TestNGDemo.ParallelExecutionDemo" name="test3" time="0.002"/>
</testsuite> <!-- ParallelExecutionDemo -->
