<?xml version="1.0" encoding="UTF-8"?>
<!-- Generated by org.testng.reporters.JUnitXMLReporter -->
<testsuite ignored="0" hostname="Saurav-Kumar" failures="0" tests="4" name="Partial groups" time="0.054" errors="0" timestamp="2022-08-04T14:04:09 IST">
  <testcase classname="TestNGDemo.GroupsDemo" name="test4" time="0.008"/>
  <testcase classname="TestNGDemo.GroupsDemo" name="test5" time="0.001"/>
  <testcase classname="TestNGDemo.GroupsDemo" name="test6" time="0.0"/>
  <testcase classname="TestNGDemo.GroupsDemo" name="test7" time="0.001"/>
</testsuite> <!-- Partial groups -->
