<?xml version="1.0" encoding="UTF-8"?>
<!-- Generated by org.testng.reporters.JUnitXMLReporter -->
<testsuite ignored="1" hostname="Saurav-Kumar" failures="0" tests="2" name="Test2" time="20.596" errors="0" timestamp="2022-08-06T01:22:23 IST">
  <testcase classname="com.practice.ParallelTesting" name="loginDetails" time="5.272"/>
  <testcase classname="com.practice.ParallelTesting" name="verifyLogin" time="0.025"/>
  <testcase classname="com.practice.ParallelTesting" name="clickInfo" time="0.0">
    <ignored/>
  </testcase> <!-- clickInfo -->
</testsuite> <!-- Test2 -->
