<?xml version="1.0" encoding="UTF-8"?>
<!-- Generated by org.testng.reporters.JUnitXMLReporter -->
<testsuite ignored="2" hostname="Saurav-Kumar" failures="0" tests="1" name="Test1" time="18.848" errors="0" timestamp="2022-08-06T01:22:21 IST">
  <testcase classname="com.practice.ParallelTesting" name="loginDetails" time="4.898"/>
  <testcase classname="com.practice.ParallelTesting" name="clickInfo" time="0.0">
    <ignored/>
  </testcase> <!-- clickInfo -->
  <testcase classname="com.practice.ParallelTesting" name="verifyLogin" time="0.0">
    <ignored/>
  </testcase> <!-- verifyLogin -->
</testsuite> <!-- Test1 -->
