<?xml version="1.0" encoding="UTF-8"?>
<!-- Generated by org.testng.reporters.JUnitXMLReporter -->
<testsuite ignored="0" hostname="Saurav-Kumar" failures="0" tests="3" name="Test3" time="20.685" errors="0" timestamp="2022-08-06T01:22:23 IST">
  <testcase classname="com.practice.ParallelTesting" name="loginDetails" time="4.79"/>
  <testcase classname="com.practice.ParallelTesting" name="verifyLogin" time="0.035"/>
  <testcase classname="com.practice.ParallelTesting" name="clickInfo" time="1.774"/>
</testsuite> <!-- Test3 -->
